<testsuites id="" name="" tests="6" failures="0" skipped="0" errors="0" time="12.527349000000001">
<testsuite name="example.spec.ts" timestamp="2025-03-22T17:00:21.121Z" hostname="chromium" tests="2" failures="0" skipped="0" time="5.461" errors="0">
<testcase name="has title" classname="example.spec.ts" time="2.247">
</testcase>
<testcase name="get started link" classname="example.spec.ts" time="3.214">
</testcase>
</testsuite>
<testsuite name="example.spec.ts" timestamp="2025-03-22T17:00:21.121Z" hostname="firefox" tests="2" failures="0" skipped="0" time="10.99" errors="0">
<testcase name="has title" classname="example.spec.ts" time="6.051">
</testcase>
<testcase name="get started link" classname="example.spec.ts" time="4.939">
</testcase>
</testsuite>
<testsuite name="example.spec.ts" timestamp="2025-03-22T17:00:21.121Z" hostname="webkit" tests="2" failures="0" skipped="0" time="13.704" errors="0">
<testcase name="has title" classname="example.spec.ts" time="5.881">
</testcase>
<testcase name="get started link" classname="example.spec.ts" time="7.823">
</testcase>
</testsuite>
</testsuites>